<?xml version="1.0" encoding="UTF-8"?>
<testng-results skipped="0" failed="1" ignored="1" total="5" passed="3">
  <reporter-output>
  </reporter-output>
  <suite name="Conduit Test Suite" duration-ms="49845" started-at="2021-12-03T13:24:15 PKT" finished-at="2021-12-03T13:25:05 PKT">
    <groups>
    </groups>
    <test name="Automation Test" duration-ms="49845" started-at="2021-12-03T13:24:15 PKT" finished-at="2021-12-03T13:25:05 PKT">
      <class name="twelveTest.signUpPageTest">
        <test-method status="PASS" signature="setUp()[pri:0, instance:twelveTest.signUpPageTest@56380231]" name="setUp" is-config="true" duration-ms="21914" started-at="2021-12-03T13:24:15 PKT" finished-at="2021-12-03T13:24:37 PKT">
          <reporter-output>
          </reporter-output>
        </test-method> <!-- setUp -->
        <test-method status="FAIL" signature="signUpPageTitleTest()[pri:0, instance:twelveTest.signUpPageTest@56380231]" name="signUpPageTitleTest" duration-ms="107" started-at="2021-12-03T13:24:37 PKT" finished-at="2021-12-03T13:24:37 PKT">
          <exception class="java.lang.AssertionError">
            <message>
              <![CDATA[SignUp page title did not match expected [Condut] but found [Conduit]]]>
            </message>
            <full-stacktrace>
              <![CDATA[java.lang.AssertionError: SignUp page title did not match expected [Condut] but found [Conduit]
at org.testng.Assert.fail(Assert.java:99)
at org.testng.Assert.failNotEquals(Assert.java:1037)
at org.testng.Assert.assertEqualsImpl(Assert.java:140)
at org.testng.Assert.assertEquals(Assert.java:122)
at org.testng.Assert.assertEquals(Assert.java:629)
at twelveTest.signUpPageTest.signUpPageTitleTest(signUpPageTest.java:46)
at sun.reflect.NativeMethodAccessorImpl.invoke0(Native Method)
at sun.reflect.NativeMethodAccessorImpl.invoke(NativeMethodAccessorImpl.java:62)
at sun.reflect.DelegatingMethodAccessorImpl.invoke(DelegatingMethodAccessorImpl.java:43)
at java.lang.reflect.Method.invoke(Method.java:498)
at org.testng.internal.MethodInvocationHelper.invokeMethod(MethodInvocationHelper.java:132)
at org.testng.internal.TestInvoker.invokeMethod(TestInvoker.java:599)
at org.testng.internal.TestInvoker.invokeTestMethod(TestInvoker.java:174)
at org.testng.internal.MethodRunner.runInSequence(MethodRunner.java:46)
at org.testng.internal.TestInvoker$MethodInvocationAgent.invoke(TestInvoker.java:822)
at org.testng.internal.TestInvoker.invokeTestMethods(TestInvoker.java:147)
at org.testng.internal.TestMethodWorker.invokeTestMethods(TestMethodWorker.java:146)
at org.testng.internal.TestMethodWorker.run(TestMethodWorker.java:128)
at java.util.ArrayList.forEach(ArrayList.java:1257)
at org.testng.TestRunner.privateRun(TestRunner.java:764)
at org.testng.TestRunner.run(TestRunner.java:585)
at org.testng.SuiteRunner.runTest(SuiteRunner.java:384)
at org.testng.SuiteRunner.runSequentially(SuiteRunner.java:378)
at org.testng.SuiteRunner.privateRun(SuiteRunner.java:337)
at org.testng.SuiteRunner.run(SuiteRunner.java:286)
at org.testng.SuiteRunnerWorker.runSuite(SuiteRunnerWorker.java:53)
at org.testng.SuiteRunnerWorker.run(SuiteRunnerWorker.java:96)
at org.testng.TestNG.runSuitesSequentially(TestNG.java:1218)
at org.testng.TestNG.runSuitesLocally(TestNG.java:1140)
at org.testng.TestNG.runSuites(TestNG.java:1069)
at org.testng.TestNG.run(TestNG.java:1037)
at org.apache.maven.surefire.testng.TestNGExecutor.run(TestNGExecutor.java:284)
at org.apache.maven.surefire.testng.TestNGXmlTestSuite.execute(TestNGXmlTestSuite.java:75)
at org.apache.maven.surefire.testng.TestNGProvider.invoke(TestNGProvider.java:119)
at org.apache.maven.surefire.booter.ForkedBooter.runSuitesInProcess(ForkedBooter.java:428)
at org.apache.maven.surefire.booter.ForkedBooter.execute(ForkedBooter.java:162)
at org.apache.maven.surefire.booter.ForkedBooter.run(ForkedBooter.java:562)
at org.apache.maven.surefire.booter.ForkedBooter.main(ForkedBooter.java:548)
]]>
            </full-stacktrace>
          </exception> <!-- java.lang.AssertionError -->
          <reporter-output>
          </reporter-output>
        </test-method> <!-- signUpPageTitleTest -->
        <test-method status="PASS" signature="tearDown()[pri:0, instance:twelveTest.signUpPageTest@56380231]" name="tearDown" is-config="true" duration-ms="1043" started-at="2021-12-03T13:24:38 PKT" finished-at="2021-12-03T13:24:39 PKT">
          <reporter-output>
          </reporter-output>
        </test-method> <!-- tearDown -->
        <test-method status="PASS" signature="setUp()[pri:0, instance:twelveTest.signUpPageTest@56380231]" name="setUp" is-config="true" duration-ms="6038" started-at="2021-12-03T13:24:39 PKT" finished-at="2021-12-03T13:24:45 PKT">
          <reporter-output>
          </reporter-output>
        </test-method> <!-- setUp -->
        <test-method status="PASS" signature="signUpTest_Invalid_1()[pri:1, instance:twelveTest.signUpPageTest@56380231]" name="signUpTest_Invalid_1" duration-ms="2467" started-at="2021-12-03T13:24:45 PKT" description="invalid user name, invalid email test case" finished-at="2021-12-03T13:24:48 PKT">
          <reporter-output>
          </reporter-output>
        </test-method> <!-- signUpTest_Invalid_1 -->
        <test-method status="PASS" signature="tearDown()[pri:0, instance:twelveTest.signUpPageTest@56380231]" name="tearDown" is-config="true" duration-ms="914" started-at="2021-12-03T13:24:48 PKT" finished-at="2021-12-03T13:24:49 PKT">
          <reporter-output>
          </reporter-output>
        </test-method> <!-- tearDown -->
        <test-method status="PASS" signature="setUp()[pri:0, instance:twelveTest.signUpPageTest@56380231]" name="setUp" is-config="true" duration-ms="5093" started-at="2021-12-03T13:24:49 PKT" finished-at="2021-12-03T13:24:54 PKT">
          <reporter-output>
          </reporter-output>
        </test-method> <!-- setUp -->
        <test-method status="PASS" signature="signUpTest_Invalid_2()[pri:2, instance:twelveTest.signUpPageTest@56380231]" name="signUpTest_Invalid_2" duration-ms="2045" started-at="2021-12-03T13:24:54 PKT" finished-at="2021-12-03T13:24:56 PKT">
          <reporter-output>
          </reporter-output>
        </test-method> <!-- signUpTest_Invalid_2 -->
        <test-method status="PASS" signature="tearDown()[pri:0, instance:twelveTest.signUpPageTest@56380231]" name="tearDown" is-config="true" duration-ms="943" started-at="2021-12-03T13:24:56 PKT" finished-at="2021-12-03T13:24:57 PKT">
          <reporter-output>
          </reporter-output>
        </test-method> <!-- tearDown -->
        <test-method status="PASS" signature="setUp()[pri:0, instance:twelveTest.signUpPageTest@56380231]" name="setUp" is-config="true" duration-ms="4883" started-at="2021-12-03T13:24:57 PKT" finished-at="2021-12-03T13:25:02 PKT">
          <reporter-output>
          </reporter-output>
        </test-method> <!-- setUp -->
        <test-method status="PASS" signature="signUpTest_Invalid_3()[pri:3, instance:twelveTest.signUpPageTest@56380231]" name="signUpTest_Invalid_3" duration-ms="2020" started-at="2021-12-03T13:25:02 PKT" finished-at="2021-12-03T13:25:04 PKT">
          <reporter-output>
          </reporter-output>
        </test-method> <!-- signUpTest_Invalid_3 -->
        <test-method status="PASS" signature="tearDown()[pri:0, instance:twelveTest.signUpPageTest@56380231]" name="tearDown" is-config="true" duration-ms="967" started-at="2021-12-03T13:25:04 PKT" finished-at="2021-12-03T13:25:05 PKT">
          <reporter-output>
          </reporter-output>
        </test-method> <!-- tearDown -->
      </class> <!-- twelveTest.signUpPageTest -->
    </test> <!-- Automation Test -->
  </suite> <!-- Conduit Test Suite -->
</testng-results>
